<?xml version="1.0" encoding="utf-8"?><testsuites name="pytest tests"><testsuite name="pytest" errors="0" failures="0" skipped="0" tests="6" time="4.324" timestamp="2026-05-10T06:35:06.855538+00:00" hostname="agent-env-3b46dfda-9a4b-449f-b651-905436557173"><testcase classname="backend.tests.test_backend_api" name="test_root" time="0.224" /><testcase classname="backend.tests.test_backend_api" name="test_cloudinary_signature" time="0.059" /><testcase classname="backend.tests.test_backend_api" name="test_cloudinary_signature_invalid_folder" time="0.051" /><testcase classname="backend.tests.test_backend_api" name="test_get_card" time="0.100" /><testcase classname="backend.tests.test_backend_api" name="test_get_card_404" time="0.049" /><testcase classname="backend.tests.test_backend_api" name="test_ai_suggest_message" time="3.552" /></testsuite></testsuites>